<?xml version="1.0" encoding="UTF-8"?>
<testsuite xmlns:xsi="http://www.w3.org/2001/XMLSchema-instance" xsi:noNamespaceSchemaLocation="https://maven.apache.org/surefire/maven-surefire-plugin/xsd/surefire-test-report-3.0.xsd" version="3.0" name="coe528.lab1.FlightTest" time="0.179" tests="18" errors="0" skipped="0" failures="0">
  <properties>
[...]
</properties>
  <testcase name="testSet_origin" classname="coe528.lab1.FlightTest" time="0.018">
    <system-out><![CDATA[set_origin
]]></system-out>
  </testcase>
  <testcase name="testBookASeat" classname="coe528.lab1.FlightTest" time="0.001">
    <system-out><![CDATA[bookASeat
]]></system-out>
  </testcase>
  <testcase name="testSet_originalPrice" classname="coe528.lab1.FlightTest" time="0.001">
    <system-out><![CDATA[set_originalPrice
]]></system-out>
  </testcase>
  <testcase name="testToString" classname="coe528.lab1.FlightTest" time="0.019">
    <system-out><![CDATA[toString
]]></system-out>
  </testcase>
  <testcase name="testGet_capacity" classname="coe528.lab1.FlightTest" time="0.001">
    <system-out><![CDATA[get_capacity
]]></system-out>
  </testcase>
  <testcase name="testGet_numberOfSeatsLeft" classname="coe528.lab1.FlightTest" time="0.001">
    <system-out><![CDATA[get_numberOfSeatsLeft
]]></system-out>
  </testcase>
  <testcase name="testGet_destination" classname="coe528.lab1.FlightTest" time="0.001">
    <system-out><![CDATA[get_destination
]]></system-out>
  </testcase>
  <testcase name="testSet_flightNumber" classname="coe528.lab1.FlightTest" time="0.001">
    <system-out><![CDATA[set_flightNumber
]]></system-out>
  </testcase>
  <testcase name="testGet_originalPrice" classname="coe528.lab1.FlightTest" time="0.001">
    <system-out><![CDATA[get_originalPrice
]]></system-out>
  </testcase>
  <testcase name="testSet_destination" classname="coe528.lab1.FlightTest" time="0.001">
    <system-out><![CDATA[set_destination
]]></system-out>
  </testcase>
  <testcase name="testInvalidConstructor" classname="coe528.lab1.FlightTest" time="0.001">
    <system-out><![CDATA[testInvalidConstructor
]]></system-out>
  </testcase>
  <testcase name="testGet_origin" classname="coe528.lab1.FlightTest" time="0.001">
    <system-out><![CDATA[get_origin
]]></system-out>
  </testcase>
  <testcase name="testSet_capacity" classname="coe528.lab1.FlightTest" time="0.001">
    <system-out><![CDATA[set_capacity
]]></system-out>
  </testcase>
  <testcase name="testSet_departureTime" classname="coe528.lab1.FlightTest" time="0.001">
    <system-out><![CDATA[set_departureTime
]]></system-out>
  </testcase>
  <testcase name="testGet_flightNumber" classname="coe528.lab1.FlightTest" time="0.002">
    <system-out><![CDATA[get_flightNumber
]]></system-out>
  </testcase>
  <testcase name="testSet_numberOfSeatsLeft" classname="coe528.lab1.FlightTest" time="0.001">
    <system-out><![CDATA[set_numberOfSeatsLeft
]]></system-out>
  </testcase>
  <testcase name="testGet_departureTime" classname="coe528.lab1.FlightTest" time="0.001">
    <system-out><![CDATA[get_departureTime
]]></system-out>
  </testcase>
  <testcase name="testConstructor" classname="coe528.lab1.FlightTest" time="0.001">
    <system-out><![CDATA[testConstructor
]]></system-out>
  </testcase>
</testsuite>